0 info it worked if it ends with ok
1 verbose cli [ '/usr/bin/node', '/usr/bin/npm', 'i', 'claudia-md-links' ]
2 info using npm@3.5.2
3 info using node@v8.10.0
4 silly loadCurrentTree Starting
5 silly install loadCurrentTree
6 silly install readLocalPackageData
7 silly fetchPackageMetaData claudia-md-links
8 silly fetchNamedPackageData claudia-md-links
9 silly mapToRegistry name claudia-md-links
10 silly mapToRegistry using default registry
11 silly mapToRegistry registry https://registry.npmjs.org/
12 silly mapToRegistry uri https://registry.npmjs.org/claudia-md-links
13 verbose request uri https://registry.npmjs.org/claudia-md-links
14 verbose request no auth needed
15 info attempt registry request try #1 at 19:34:34
16 verbose request using bearer token for auth
17 verbose request id 06db59991187f59e
18 verbose etag W/"fd24b3cc59d3cdbd182003a46ca8896b"
19 verbose lastModified Thu, 05 Sep 2019 22:27:21 GMT
20 http request GET https://registry.npmjs.org/claudia-md-links
21 http 304 https://registry.npmjs.org/claudia-md-links
22 verbose headers { date: 'Thu, 05 Sep 2019 22:34:34 GMT',
22 verbose headers   connection: 'keep-alive',
22 verbose headers   'set-cookie':
22 verbose headers    [ '__cfduid=db662429e2dd865e0843c254447149f4a1567722874; expires=Fri, 04-Sep-20 22:34:34 GMT; path=/; domain=.npmjs.org; HttpOnly' ],
22 verbose headers   'cf-cache-status': 'HIT',
22 verbose headers   'cache-control': 'max-age=300',
22 verbose headers   'cf-ray': '511babdf8ed0cfb3-SCL',
22 verbose headers   age: '17',
22 verbose headers   etag: '"fd24b3cc59d3cdbd182003a46ca8896b"',
22 verbose headers   'expect-ct': 'max-age=604800, report-uri="https://report-uri.cloudflare.com/cdn-cgi/beacon/expect-ct"',
22 verbose headers   'last-modified': 'Thu, 05 Sep 2019 22:27:21 GMT',
22 verbose headers   vary: 'accept-encoding, accept',
22 verbose headers   'x-amz-meta-rev': '1-23f7d26d8b8cbe68c5245a18d8bed8dd',
22 verbose headers   server: 'cloudflare' }
23 silly get cb [ 304,
23 silly get   { date: 'Thu, 05 Sep 2019 22:34:34 GMT',
23 silly get     connection: 'keep-alive',
23 silly get     'set-cookie':
23 silly get      [ '__cfduid=db662429e2dd865e0843c254447149f4a1567722874; expires=Fri, 04-Sep-20 22:34:34 GMT; path=/; domain=.npmjs.org; HttpOnly' ],
23 silly get     'cf-cache-status': 'HIT',
23 silly get     'cache-control': 'max-age=300',
23 silly get     'cf-ray': '511babdf8ed0cfb3-SCL',
23 silly get     age: '17',
23 silly get     etag: '"fd24b3cc59d3cdbd182003a46ca8896b"',
23 silly get     'expect-ct': 'max-age=604800, report-uri="https://report-uri.cloudflare.com/cdn-cgi/beacon/expect-ct"',
23 silly get     'last-modified': 'Thu, 05 Sep 2019 22:27:21 GMT',
23 silly get     vary: 'accept-encoding, accept',
23 silly get     'x-amz-meta-rev': '1-23f7d26d8b8cbe68c5245a18d8bed8dd',
23 silly get     server: 'cloudflare' } ]
24 verbose etag https://registry.npmjs.org/claudia-md-links from cache
25 verbose get saving claudia-md-links to /home/cklaholandia/.npm/registry.npmjs.org/claudia-md-links/.cache.json
26 silly install normalizeTree
27 silly loadCurrentTree Finishing
28 silly loadIdealTree Starting
29 silly install loadIdealTree
30 silly cloneCurrentTree Starting
31 silly install cloneCurrentTreeToIdealTree
32 silly cloneCurrentTree Finishing
33 silly loadShrinkwrap Starting
34 silly install loadShrinkwrap
35 silly loadShrinkwrap Finishing
36 silly loadAllDepsIntoIdealTree Starting
37 silly install loadAllDepsIntoIdealTree
38 silly rollbackFailedOptional Starting
39 silly rollbackFailedOptional Finishing
40 silly runTopLevelLifecycles Starting
41 silly runTopLevelLifecycles Finishing
42 silly install printInstalled
43 verbose stack Error: Refusing to install claudia-md-links as a dependency of itself
43 verbose stack     at checkSelf (/usr/share/npm/lib/install/validate-args.js:40:14)
43 verbose stack     at Array.<anonymous> (/usr/share/npm/node_modules/slide/lib/bind-actor.js:15:8)
43 verbose stack     at LOOP (/usr/share/npm/node_modules/slide/lib/chain.js:15:14)
43 verbose stack     at chain (/usr/share/npm/node_modules/slide/lib/chain.js:20:5)
43 verbose stack     at /usr/share/npm/lib/install/validate-args.js:15:5
43 verbose stack     at /usr/share/npm/node_modules/slide/lib/async-map.js:52:35
43 verbose stack     at Array.forEach (<anonymous>)
43 verbose stack     at /usr/share/npm/node_modules/slide/lib/async-map.js:52:11
43 verbose stack     at Array.forEach (<anonymous>)
43 verbose stack     at asyncMap (/usr/share/npm/node_modules/slide/lib/async-map.js:51:8)
44 verbose cwd /media/datos/Documentos/Laboratoria/Laboratoria-Javascript/md-links/SCL010-md-links
45 error Linux 4.15.0-58-generic
46 error argv "/usr/bin/node" "/usr/bin/npm" "i" "claudia-md-links"
47 error node v8.10.0
48 error npm  v3.5.2
49 error code ENOSELF
50 error Refusing to install claudia-md-links as a dependency of itself
51 error If you need help, you may report this error at:
51 error     <https://github.com/npm/npm/issues>
52 verbose exit [ 1, true ]
